0 info it worked if it ends with ok
1 verbose cli [ 'C:\\Program Files (x86)\\nodejs\\node.exe',
1 verbose cli   'C:\\Program Files (x86)\\nodejs\\node_modules\\npm\\bin\\npm-cli.js',
1 verbose cli   'run',
1 verbose cli   'test' ]
2 info using npm@3.10.10
3 info using node@v6.10.1
4 verbose run-script [ 'pretest', 'test', 'posttest' ]
5 info lifecycle wowsome-challenge@1.0.0~pretest: wowsome-challenge@1.0.0
6 silly lifecycle wowsome-challenge@1.0.0~pretest: no script for pretest, continuing
7 info lifecycle wowsome-challenge@1.0.0~test: wowsome-challenge@1.0.0
8 verbose lifecycle wowsome-challenge@1.0.0~test: unsafe-perm in lifecycle true
9 verbose lifecycle wowsome-challenge@1.0.0~test: PATH: C:\Program Files (x86)\nodejs\node_modules\npm\bin\node-gyp-bin;D:\workspace\wowsome-challenge\Dashboard\node_modules\.bin;C:\Program Files (x86)\PC Connectivity Solution\;C:\ProgramData\Oracle\Java\javapath;C:\Program Files\Dell\DW WLAN Card;C:\Windows\system32;C:\Windows;C:\Windows\System32\Wbem;C:\Windows\System32\WindowsPowerShell\v1.0\;C:\Program Files\WIDCOMM\Bluetooth Software\;C:\Program Files\WIDCOMM\Bluetooth Software\syswow64;C:\Program Files (x86)\Intel\OpenCL SDK\2.0\bin\x86;C:\Program Files (x86)\Intel\OpenCL SDK\2.0\bin\x64;C:\Program Files\Microsoft Windows Performance Toolkit\;C:\Program Files (x86)\MiKTeX 2.9\miktex\bin\;C:\Program Files (x86)\Heroku\bin;C:\Program Files\Git\cmd;C:\Program Files (x86)\Skype\Phone\;C:\Program Files (x86)\nodejs\;C:\Program Files (x86)\scala\bin;C:\mongodb2.2;C:\Python34;C:\Program Files\Java\jdk1.8.0_40\bin;C:\apache-maven-3.3.9\bin;C:\Program Files\Java\jdk1.8.0_40\bin;C:\Program Files\Git\bin;C:\Program Files (x86)\Heroku\bin;C:\Users\Gaurav\AppData\Roaming\npm;C:\Python34\Scripts;C:\Program Files (x86)\scala\bin;C:\Program Files\Microsoft VS Code\bin
10 verbose lifecycle wowsome-challenge@1.0.0~test: CWD: D:\workspace\wowsome-challenge\Dashboard
11 silly lifecycle wowsome-challenge@1.0.0~test: Args: [ '/d /s /c', 'mocha --timeout 10000' ]
12 silly lifecycle wowsome-challenge@1.0.0~test: Returned: code: 1  signal: null
13 info lifecycle wowsome-challenge@1.0.0~test: Failed to exec test script
14 verbose stack Error: wowsome-challenge@1.0.0 test: `mocha --timeout 10000`
14 verbose stack Exit status 1
14 verbose stack     at EventEmitter.<anonymous> (C:\Program Files (x86)\nodejs\node_modules\npm\lib\utils\lifecycle.js:255:16)
14 verbose stack     at emitTwo (events.js:106:13)
14 verbose stack     at EventEmitter.emit (events.js:191:7)
14 verbose stack     at ChildProcess.<anonymous> (C:\Program Files (x86)\nodejs\node_modules\npm\lib\utils\spawn.js:40:14)
14 verbose stack     at emitTwo (events.js:106:13)
14 verbose stack     at ChildProcess.emit (events.js:191:7)
14 verbose stack     at maybeClose (internal/child_process.js:886:16)
14 verbose stack     at Process.ChildProcess._handle.onexit (internal/child_process.js:226:5)
15 verbose pkgid wowsome-challenge@1.0.0
16 verbose cwd D:\workspace\wowsome-challenge\Dashboard
17 error Windows_NT 6.1.7600
18 error argv "C:\\Program Files (x86)\\nodejs\\node.exe" "C:\\Program Files (x86)\\nodejs\\node_modules\\npm\\bin\\npm-cli.js" "run" "test"
19 error node v6.10.1
20 error npm  v3.10.10
21 error code ELIFECYCLE
22 error wowsome-challenge@1.0.0 test: `mocha --timeout 10000`
22 error Exit status 1
23 error Failed at the wowsome-challenge@1.0.0 test script 'mocha --timeout 10000'.
23 error Make sure you have the latest version of node.js and npm installed.
23 error If you do, this is most likely a problem with the wowsome-challenge package,
23 error not with npm itself.
23 error Tell the author that this fails on your system:
23 error     mocha --timeout 10000
23 error You can get information on how to open an issue for this project with:
23 error     npm bugs wowsome-challenge
23 error Or if that isn't available, you can get their info via:
23 error     npm owner ls wowsome-challenge
23 error There is likely additional logging output above.
24 verbose exit [ 1, true ]
